make all --print-data-base --no-builtin-variables --no-builtin-rules --question
# GNU Make 3.81
# Copyright (C) 2006  Free Software Foundation, Inc.
# This is free software; see the source for copying conditions.
# There is NO warranty; not even for MERCHANTABILITY or FITNESS FOR A
# PARTICULAR PURPOSE.

# This program built for i386-apple-darwin11.3.0
 
make: *** No rule to make target `all'.  Stop.


# Make data base, printed on Sun May 15 18:47:54 2022

# Variables

# automatic
<D = $(patsubst %/,%,$(dir $<))
 
# automatic
?F = $(notdir $?)
# environment
VSCODE_LOG_NATIVE = false
# automatic
?D = $(patsubst %/,%,$(dir $?))
# makefile (from `Makefile', line 16)
CPPFLAGS := -std=c++17 -I./include -I/opt/homebrew/Cellar/sfml/2.5.1_1/include -I/opt/homebrew/Cellar/boost/1.78.0_1/include -Wall -g
# automatic
@D = $(patsubst %/,%,$(dir $@))
# automatic
@F = $(notdir $@)
# makefile
CURDIR := /Users/tomii/Documents/projects/kenkai
# makefile
SHELL = /bin/sh
# environment
VSCODE_NLS_CONFIG = {"locale":"en-gb","availableLanguages":{},"_languagePackSupport":true}
# environment
_ = /usr/bin/make
# makefile (from `Makefile', line 9)
INC_DIRS := ./include /opt/homebrew/Cellar/sfml/2.5.1_1/include /opt/homebrew/Cellar/boost/1.78.0_1/include
# makefile (from `Makefile', line 1)
MAKEFILE_LIST :=  Makefile
# environment
VSCODE_VERBOSE_LOGGING = true
# environment
__CFBundleIdentifier = com.microsoft.VSCode
# environment
INFOPATH = /opt/homebrew/share/info:
# environment
VSCODE_IPC_HOOK_EXTHOST = /var/folders/nk/c31_xq8n079c68pj0hr7f4dc0000gn/T/vscode-ipc-8848f463-cfb0-4f53-9f54-c25992cd1b24.sock
# environment
VSCODE_CWD = /
# environment
PATH = /opt/homebrew/bin:/opt/homebrew/sbin:/usr/local/bin:/usr/bin:/bin:/usr/sbin:/sbin
# environment
VSCODE_LOG_STACK = false
# environment
ELECTRON_RUN_AS_NODE = 1
# makefile (from `Makefile', line 14)
LDFLAGS := -L/opt/homebrew/Cellar/sfml/2.5.1_1/lib -L/opt/homebrew/Cellar/boost/1.78.0_1/lib -lsfml-graphics -lsfml-window -lsfml-system -lboost_system -lboost_serialization
# default
.FEATURES := target-specific order-only second-expansion else-if archives jobserver check-symlink
# environment
SSH_AUTH_SOCK = /private/tmp/com.apple.launchd.EILWemXKsv/Listeners
# automatic
%F = $(notdir $%)
# environment
VSCODE_PIPE_LOGGING = true
# makefile (from `Makefile', line 7)
OBJS := ./build/src/AnimatedEntity.cpp.o ./build/src/Camera.cpp.o ./build/src/Collision.cpp.o ./build/src/Engine.cpp.o ./build/src/Entity.cpp.o ./build/src/Events.cpp.o ./build/src/Game.cpp.o ./build/src/GameWorld.cpp.o ./build/src/Tools.cpp.o ./build/src/UIElement.cpp.o ./build/src/Weapon.cpp.o ./build/src/Entities/Enemy.cpp.o ./build/src/Entities/Player.cpp.o ./build/src/UIElements/Cursor.cpp.o
# environment
PWD = /Users/tomii/Documents/projects/kenkai
# makefile (from `Makefile', line 10)
INC_FLAGS := -I./include -I/opt/homebrew/Cellar/sfml/2.5.1_1/include -I/opt/homebrew/Cellar/boost/1.78.0_1/include
# environment
HOMEBREW_CELLAR = /opt/homebrew/Cellar
# environment
ORIGINAL_XDG_CURRENT_DESKTOP = undefined
# environment
MANPATH = /opt/homebrew/share/man::
# environment
VSCODE_AMD_ENTRYPOINT = vs/workbench/api/node/extensionHostProcess
# environment
HOME = /Users/tomii
# default
MAKEFILEPATH = $(shell /usr/bin/xcode-select -print-path 2>/dev/null || echo /Developer)/Makefiles
# environment
VSCODE_CODE_CACHE_PATH = /Users/tomii/Library/Application Support/Code/CachedData/da15b6fd3ef856477bf6f4fb29ba1b7af717770d
# environment
LOGNAME = tomii
# environment
APPLICATION_INSIGHTS_NO_DIAGNOSTIC_CHANNEL = 1
 
# environment
VSCODE_HANDLES_UNCAUGHT_ERRORS = true
# automatic
^D = $(patsubst %/,%,$(dir $^))
# makefile (from `Makefile', line 1)
TARGET_EXEC = kenkai
# environment
XPC_FLAGS = 0x0
# default
MAKE = $(MAKE_COMMAND)
# default
MAKECMDGOALS := all
# makefile (from `Makefile', line 4)
SRCS := src/AnimatedEntity.cpp src/Camera.cpp src/Collision.cpp src/Engine.cpp src/Entity.cpp src/Events.cpp src/Game.cpp src/GameWorld.cpp src/Tools.cpp src/UIElement.cpp src/Weapon.cpp src/Entities/Enemy.cpp src/Entities/Player.cpp src/UIElements/Cursor.cpp
# environment
SHLVL = 1
# makefile (from `Makefile', line 2)
CC := g++
# makefile (from `Makefile', line 3)
BUILD_DIR = ./build
# default
MAKE_VERSION := 3.81
# environment
USER = tomii
# makefile
.DEFAULT_GOAL := build/kenkai
# makefile (from `Makefile', line 30)
MKDIR_P = mkdir -p
# automatic
%D = $(patsubst %/,%,$(dir $%))
# default
MAKE_COMMAND := /Library/Developer/CommandLineTools/usr/bin/make
# default
.VARIABLES := 
# environment
TMPDIR = /var/folders/nk/c31_xq8n079c68pj0hr7f4dc0000gn/T/
# automatic
*F = $(notdir $*)
# environment
VSCODE_IPC_HOOK = /Users/tomii/Library/Application Support/Code/1.67.1-main.sock
# makefile
MAKEFLAGS = Rrqp
# environment
MFLAGS = -Rrqp
# automatic
*D = $(patsubst %/,%,$(dir $*))
# environment
XPC_SERVICE_NAME = application.com.microsoft.VSCode.262538.262544
# environment
HOMEBREW_PREFIX = /opt/homebrew
# automatic
+D = $(patsubst %/,%,$(dir $+))
# automatic
+F = $(notdir $+)
# environment
HOMEBREW_REPOSITORY = /opt/homebrew
# makefile (from `Makefile', line 12)
LIB_DIRS := /opt/homebrew/Cellar/sfml/2.5.1_1/lib /opt/homebrew/Cellar/boost/1.78.0_1/lib
# environment
__CF_USER_TEXT_ENCODING = 0x1F5:0x0:0x2
# environment
COMMAND_MODE = unix2003
# default
MAKEFILES := 
# automatic
<F = $(notdir $<)
# environment
LC_ALL = C
# makefile (from `Makefile', line 13)
LIBS := sfml-graphics sfml-window sfml-system boost_system boost_serialization
# automatic
^F = $(notdir $^)
# default
SUFFIXES := 
# environment
MAKELEVEL := 0
# environment
LANG = C
# environment
VSCODE_PID = 605
# variable set hash-table stats:
# Load=78/1024=8%, Rehash=0, Collisions=9/113=8%

# Pattern-specific Variable Values

# No pattern-specific variable values.

# Directories

# . (device 16777234, inode 398545): 11 files, no impossibilities.
# src/Entities (device 16777234, inode 398694): 4 files, no impossibilities.
# src/UIElements (device 16777234, inode 398703): 3 files, no impossibilities.
# src (device 16777234, inode 398689): 15 files, no impossibilities.

# 33 files, no impossibilities in 4 directories.

# Implicit Rules

build/%.cpp.o: %.cpp
#  commands to execute (from `Makefile', line 22):
	$(MKDIR_P) $(dir $@)
	$(CXX) $(CPPFLAGS) -c $< -o $@
	

# 1 implicit rules, 0 (0.0%) terminal.

# Files

# Not a target:
build/src/Game.cpp.o:
#  Implicit rule search has not been done.
#  Modification time never checked.
#  File has not been updated.

# Not a target:
all:
#  Command-line target.
#  Implicit rule search has been done.
#  File does not exist.
#  File has not been updated.
# variable set hash-table stats:
# Load=0/32=0%, Rehash=0, Collisions=0/0=0%

.PHONY: clean
#  Implicit rule search has not been done.
#  Modification time never checked.
#  File has not been updated.

# Not a target:
build/src/AnimatedEntity.cpp.o:
#  Implicit rule search has not been done.
#  Modification time never checked.
#  File has not been updated.

# Not a target:
build/src/Camera.cpp.o:
#  Implicit rule search has not been done.
#  Modification time never checked.
#  File has not been updated.

# Not a target:
build/src/Tools.cpp.o:
#  Implicit rule search has not been done.
#  Modification time never checked.
#  File has not been updated.

# Not a target:
.SUFFIXES:
#  Implicit rule search has not been done.
#  Modification time never checked.
#  File has not been updated.

# Not a target:
Makefile:
#  Implicit rule search has been done.
#  Last modified 2022-05-15 18:47:49
#  File has been updated.
#  Successfully updated.
# variable set hash-table stats:
# Load=0/32=0%, Rehash=0, Collisions=0/0=0%

# Not a target:
build/src/Collision.cpp.o:
#  Implicit rule search has not been done.
#  Modification time never checked.
#  File has not been updated.

# Not a target:
build/src/UIElement.cpp.o:
#  Implicit rule search has not been done.
#  Modification time never checked.
#  File has not been updated.

build/kenkai: build/src/AnimatedEntity.cpp.o build/src/Camera.cpp.o build/src/Collision.cpp.o build/src/Engine.cpp.o build/src/Entity.cpp.o build/src/Events.cpp.o build/src/Game.cpp.o build/src/GameWorld.cpp.o build/src/Tools.cpp.o build/src/UIElement.cpp.o build/src/Weapon.cpp.o build/src/Entities/Enemy.cpp.o build/src/Entities/Player.cpp.o build/src/UIElements/Cursor.cpp.o
#  Implicit rule search has not been done.
#  Modification time never checked.
#  File has not been updated.
#  commands to execute (from `Makefile', line 19):
	$(CC) $(OBJS) $(LDFLAGS) -o $@
	

# Not a target:
build/src/Entity.cpp.o:
#  Implicit rule search has not been done.
#  Modification time never checked.
#  File has not been updated.

# Not a target:
build/src/Entities/Player.cpp.o:
#  Implicit rule search has not been done.
#  Modification time never checked.
#  File has not been updated.

# Not a target:
build/src/Weapon.cpp.o:
#  Implicit rule search has not been done.
#  Modification time never checked.
#  File has not been updated.

# Not a target:
build/src/UIElements/Cursor.cpp.o:
#  Implicit rule search has not been done.
#  Modification time never checked.
#  File has not been updated.

# Not a target:
.DEFAULT:
#  Implicit rule search has not been done.
#  Modification time never checked.
#  File has not been updated.

clean:
#  Phony target (prerequisite of .PHONY).
#  Implicit rule search has not been done.
#  File does not exist.
#  File has not been updated.
#  commands to execute (from `Makefile', line 28):
	$(RM) -r $(BUILD_DIR)
	

# Not a target:
build/src/Events.cpp.o:
#  Implicit rule search has not been done.
#  Modification time never checked.
#  File has not been updated.

# Not a target:
build/src/Engine.cpp.o:
#  Implicit rule search has not been done.
#  Modification time never checked.
#  File has not been updated.

# Not a target:
build/src/GameWorld.cpp.o:
#  Implicit rule search has not been done.
#  Modification time never checked.
#  File has not been updated.

# Not a target:
build/src/Entities/Enemy.cpp.o:
#  Implicit rule search has not been done.
#  Modification time never checked.
#  File has not been updated.

# files hash-table stats:
# Load=21/1024=2%, Rehash=0, Collisions=0/48=0%
# VPATH Search Paths

# No `vpath' search paths.

# No general (`VPATH' variable) search path.

# # of strings in strcache: 1
# # of strcache buffers: 1
# strcache size: total = 4096 / max = 4096 / min = 4096 / avg = 4096
# strcache free: total = 4087 / max = 4087 / min = 4087 / avg = 4087

# Finished Make data base on Sun May 15 18:47:54 2022

 
